[ 2013-08-21T10:44:39+08:00 ] 127.0.0.1 /Blog/Admin
INFO: [ route_check ] --START--
INFO: CheckRoute Behavior ::run [ RunTime:0.002564s ]
INFO: [ route_check ] --END-- [ RunTime:0.002725s ]
INFO: [ app_begin ] --START--
INFO: ReadHtmlCache Behavior ::run [ RunTime:0.001795s ]
INFO: [ app_begin ] --END-- [ RunTime:0.001957s ]
ERR: 无法加载模块:Admin

[ 2013-08-21T14:34:30+08:00 ] 127.0.0.1 /Blog/Admin
INFO: [ route_check ] --START--
INFO: CheckRoute Behavior ::run [ RunTime:0.002327s ]
INFO: [ route_check ] --END-- [ RunTime:0.002473s ]
INFO: [ app_begin ] --START--
INFO: ReadHtmlCache Behavior ::run [ RunTime:0.001747s ]
INFO: [ app_begin ] --END-- [ RunTime:0.001887s ]
ERR: 无法加载模块:Admin

[ 2013-08-21T14:34:33+08:00 ] 127.0.0.1 /Blog/masterZeel
INFO: [ route_check ] --START--
INFO: CheckRoute Behavior ::run [ RunTime:0.002477s ]
INFO: [ route_check ] --END-- [ RunTime:0.002654s ]

[ 2013-08-21T14:34:34+08:00 ] 127.0.0.1 /Blog/masterZeel/Blog/index
INFO: [ route_check ] --START--
INFO: CheckRoute Behavior ::run [ RunTime:0.002265s ]
INFO: [ route_check ] --END-- [ RunTime:0.002412s ]

[ 2013-08-21T14:34:34+08:00 ] 127.0.0.1 /Blog/masterZeel/Index/BlogManage
INFO: [ route_check ] --START--
INFO: CheckRoute Behavior ::run [ RunTime:0.002481s ]
INFO: [ route_check ] --END-- [ RunTime:0.002634s ]

[ 2013-08-21T15:06:59+08:00 ] 127.0.0.1 /Blog/Admin
INFO: [ route_check ] --START--
INFO: CheckRoute Behavior ::run [ RunTime:0.002470s ]
INFO: [ route_check ] --END-- [ RunTime:0.002693s ]
INFO: [ app_begin ] --START--
INFO: ReadHtmlCache Behavior ::run [ RunTime:0.001827s ]
INFO: [ app_begin ] --END-- [ RunTime:0.002038s ]
ERR: 无法加载模块:Admin

[ 2013-08-21T19:08:18+08:00 ] 127.0.0.1 /Blog/Admin
INFO: [ route_check ] --START--
INFO: CheckRoute Behavior ::run [ RunTime:0.002211s ]
INFO: [ route_check ] --END-- [ RunTime:0.002403s ]
INFO: [ app_begin ] --START--
INFO: ReadHtmlCache Behavior ::run [ RunTime:0.001308s ]
INFO: [ app_begin ] --END-- [ RunTime:0.001435s ]
ERR: 无法加载模块:Admin

