[ 2013-08-30T15:17:19+08:00 ] 127.0.0.1 /blog/
INFO: [ app_begin ] --START--
INFO: ReadHtmlCache Behavior ::run [ RunTime:0.003117s ]
INFO: [ app_begin ] --END-- [ RunTime:0.003307s ]
SQL: SHOW COLUMNS FROM `bl_cate` [ RunTime:0.008050s ]
SQL: SELECT * FROM `bl_cate` WHERE ( `pid` = 0 ) ORDER BY sort  [ RunTime:0.000657s ]
SQL: SELECT * FROM `bl_cate` ORDER BY sort  [ RunTime:0.000687s ]
SQL: SHOW COLUMNS FROM `bl_blog` [ RunTime:0.007844s ]
SQL: SELECT `id`,`title`,`time` FROM `bl_blog` WHERE ( `cid` IN ('8','9','3') ) AND ( `del` = 0 ) ORDER BY time DESC  [ RunTime:0.000593s ]
SQL: SELECT `id`,`title`,`time` FROM `bl_blog` WHERE ( `cid` IN ('13','15','14','5') ) AND ( `del` = 0 ) ORDER BY time DESC  [ RunTime:0.000294s ]
SQL: SELECT `id`,`title`,`time` FROM `bl_blog` WHERE ( `cid` IN ('1') ) AND ( `del` = 0 ) ORDER BY time DESC  [ RunTime:0.000222s ]
SQL: SELECT `id`,`title`,`time` FROM `bl_blog` WHERE ( `cid` IN ('7') ) AND ( `del` = 0 ) ORDER BY time DESC  [ RunTime:0.000363s ]
SQL: SELECT `id`,`title`,`time` FROM `bl_blog` WHERE ( `cid` IN ('2') ) AND ( `del` = 0 ) ORDER BY time DESC  [ RunTime:0.000207s ]
INFO: [ view_parse ] --START--
NOTIC: [2] Missing argument 2 for TagLib::parseXmlAttr(), called in F:\MyAMP\Blog\App\Modules\Index\TagLib\TagLibBl.class.php on line 13 and defined F:\MyAMP\Blog\ThinkPHP\Lib\Template\TagLib.class.php 第 80 行.
NOTIC: [8] Undefined variable: tag F:\MyAMP\Blog\ThinkPHP\Lib\Template\TagLib.class.php 第 91 行.
NOTIC: [8] Undefined index:   F:\MyAMP\Blog\ThinkPHP\Lib\Template\TagLib.class.php 第 91 行.
NOTIC: [8] Undefined variable: tag F:\MyAMP\Blog\ThinkPHP\Lib\Template\TagLib.class.php 第 92 行.
SQL: SHOW COLUMNS FROM `bl_mylinks` [ RunTime:0.007725s ]
SQL: SELECT `id`,`wname`,`wurl` FROM `bl_mylinks` ORDER BY time DESC  [ RunTime:0.000588s ]
SQL: SHOW COLUMNS FROM `bl_mydemo` [ RunTime:0.008495s ]
SQL: SELECT `id`,`demoname`,`demourl` FROM `bl_mydemo` ORDER BY time DESC  [ RunTime:0.000787s ]
NOTIC: [8] Use of undefined constant sort - assumed 'sort' F:\MyAMP\Blog\App\Runtime\Cache\Index\a2035b5f40cb4c634ca544f2d3fdbc07.php 第 55 行.
SQL: SELECT * FROM `bl_cate` ORDER BY sort  [ RunTime:0.000613s ]
NOTIC: [8] Use of undefined constant id - assumed 'id' F:\MyAMP\Blog\App\Runtime\Cache\Index\a2035b5f40cb4c634ca544f2d3fdbc07.php 第 76 行.
NOTIC: [8] Use of undefined constant id - assumed 'id' F:\MyAMP\Blog\App\Runtime\Cache\Index\a2035b5f40cb4c634ca544f2d3fdbc07.php 第 78 行.
NOTIC: [8] Use of undefined constant id - assumed 'id' F:\MyAMP\Blog\App\Runtime\Cache\Index\a2035b5f40cb4c634ca544f2d3fdbc07.php 第 78 行.
NOTIC: [8] Use of undefined constant id - assumed 'id' F:\MyAMP\Blog\App\Runtime\Cache\Index\a2035b5f40cb4c634ca544f2d3fdbc07.php 第 76 行.
NOTIC: [8] Use of undefined constant id - assumed 'id' F:\MyAMP\Blog\App\Runtime\Cache\Index\a2035b5f40cb4c634ca544f2d3fdbc07.php 第 78 行.
NOTIC: [8] Use of undefined constant id - assumed 'id' F:\MyAMP\Blog\App\Runtime\Cache\Index\a2035b5f40cb4c634ca544f2d3fdbc07.php 第 76 行.
NOTIC: [8] Use of undefined constant id - assumed 'id' F:\MyAMP\Blog\App\Runtime\Cache\Index\a2035b5f40cb4c634ca544f2d3fdbc07.php 第 76 行.
NOTIC: [8] Use of undefined constant id - assumed 'id' F:\MyAMP\Blog\App\Runtime\Cache\Index\a2035b5f40cb4c634ca544f2d3fdbc07.php 第 76 行.
NOTIC: [8] Use of undefined constant id - assumed 'id' F:\MyAMP\Blog\App\Runtime\Cache\Index\a2035b5f40cb4c634ca544f2d3fdbc07.php 第 78 行.
SQL: SELECT `id`,`title`,`click` FROM `bl_blog` WHERE ( `del` = 0 ) ORDER BY click DESC LIMIT 5   [ RunTime:0.000715s ]
SQL: SELECT `id`,`title`,`click` FROM `bl_blog` WHERE ( `del` = 0 ) ORDER BY time DESC LIMIT 5   [ RunTime:0.000738s ]
SQL: SHOW COLUMNS FROM `bl_links` [ RunTime:0.008131s ]
SQL: SELECT `id`,`wname`,`wurl` FROM `bl_links` ORDER BY time DESC  [ RunTime:0.000483s ]
INFO: ParseTemplate Behavior ::run [ RunTime:0.262881s ]
INFO: [ view_parse ] --END-- [ RunTime:0.263058s ]
INFO: [ view_filter ] --START--
INFO: ContentReplace Behavior ::run [ RunTime:0.005631s ]
INFO: TokenBuild Behavior ::run [ RunTime:0.052811s ]
INFO: WriteHtmlCache Behavior ::run [ RunTime:0.042408s ]
INFO: ShowRuntime Behavior ::run [ RunTime:0.002487s ]
INFO: [ view_filter ] --END-- [ RunTime:0.103756s ]
INFO: [ view_end ] --START--
INFO: ShowPageTrace Behavior ::run [ RunTime:0.002654s ]
INFO: [ view_end ] --END-- [ RunTime:0.002802s ]

[ 2013-08-30T15:17:22+08:00 ] 127.0.0.1 /blog/
INFO: [ app_begin ] --START--
INFO: ReadHtmlCache Behavior ::run [ RunTime:0.001882s ]
INFO: [ app_begin ] --END-- [ RunTime:0.002053s ]
INFO: [ view_parse ] --START--
NOTIC: [2] Missing argument 2 for TagLib::parseXmlAttr(), called in F:\MyAMP\Blog\App\Modules\Index\TagLib\TagLibBl.class.php on line 13 and defined F:\MyAMP\Blog\ThinkPHP\Lib\Template\TagLib.class.php 第 80 行.
NOTIC: [8] Undefined variable: tag F:\MyAMP\Blog\ThinkPHP\Lib\Template\TagLib.class.php 第 91 行.
NOTIC: [8] Undefined index:   F:\MyAMP\Blog\ThinkPHP\Lib\Template\TagLib.class.php 第 91 行.
NOTIC: [8] Undefined variable: tag F:\MyAMP\Blog\ThinkPHP\Lib\Template\TagLib.class.php 第 92 行.
SQL: SHOW COLUMNS FROM `bl_mylinks` [ RunTime:0.007717s ]
SQL: SELECT `id`,`wname`,`wurl` FROM `bl_mylinks` ORDER BY time DESC  [ RunTime:0.000559s ]
SQL: SHOW COLUMNS FROM `bl_mydemo` [ RunTime:0.008025s ]
SQL: SELECT `id`,`demoname`,`demourl` FROM `bl_mydemo` ORDER BY time DESC  [ RunTime:0.000554s ]
SQL: SHOW COLUMNS FROM `bl_cate` [ RunTime:0.008307s ]
NOTIC: [8] Use of undefined constant sort - assumed 'sort' F:\MyAMP\Blog\App\Runtime\Cache\Index\a2035b5f40cb4c634ca544f2d3fdbc07.php 第 55 行.
SQL: SELECT * FROM `bl_cate` ORDER BY sort  [ RunTime:0.000535s ]
NOTIC: [8] Use of undefined constant id - assumed 'id' F:\MyAMP\Blog\App\Runtime\Cache\Index\a2035b5f40cb4c634ca544f2d3fdbc07.php 第 76 行.
NOTIC: [8] Use of undefined constant id - assumed 'id' F:\MyAMP\Blog\App\Runtime\Cache\Index\a2035b5f40cb4c634ca544f2d3fdbc07.php 第 78 行.
NOTIC: [8] Use of undefined constant id - assumed 'id' F:\MyAMP\Blog\App\Runtime\Cache\Index\a2035b5f40cb4c634ca544f2d3fdbc07.php 第 78 行.
NOTIC: [8] Use of undefined constant id - assumed 'id' F:\MyAMP\Blog\App\Runtime\Cache\Index\a2035b5f40cb4c634ca544f2d3fdbc07.php 第 76 行.
NOTIC: [8] Use of undefined constant id - assumed 'id' F:\MyAMP\Blog\App\Runtime\Cache\Index\a2035b5f40cb4c634ca544f2d3fdbc07.php 第 78 行.
NOTIC: [8] Use of undefined constant id - assumed 'id' F:\MyAMP\Blog\App\Runtime\Cache\Index\a2035b5f40cb4c634ca544f2d3fdbc07.php 第 76 行.
NOTIC: [8] Use of undefined constant id - assumed 'id' F:\MyAMP\Blog\App\Runtime\Cache\Index\a2035b5f40cb4c634ca544f2d3fdbc07.php 第 76 行.
NOTIC: [8] Use of undefined constant id - assumed 'id' F:\MyAMP\Blog\App\Runtime\Cache\Index\a2035b5f40cb4c634ca544f2d3fdbc07.php 第 76 行.
NOTIC: [8] Use of undefined constant id - assumed 'id' F:\MyAMP\Blog\App\Runtime\Cache\Index\a2035b5f40cb4c634ca544f2d3fdbc07.php 第 78 行.
SQL: SHOW COLUMNS FROM `bl_blog` [ RunTime:0.007535s ]
SQL: SELECT `id`,`title`,`click` FROM `bl_blog` WHERE ( `del` = 0 ) ORDER BY click DESC LIMIT 5   [ RunTime:0.000473s ]
SQL: SELECT `id`,`title`,`click` FROM `bl_blog` WHERE ( `del` = 0 ) ORDER BY time DESC LIMIT 5   [ RunTime:0.000686s ]
SQL: SHOW COLUMNS FROM `bl_links` [ RunTime:0.007830s ]
SQL: SELECT `id`,`wname`,`wurl` FROM `bl_links` ORDER BY time DESC  [ RunTime:0.000552s ]
INFO: ParseTemplate Behavior ::run [ RunTime:0.136009s ]
INFO: [ view_parse ] --END-- [ RunTime:0.136224s ]
INFO: [ view_filter ] --START--
INFO: ContentReplace Behavior ::run [ RunTime:0.001485s ]
INFO: TokenBuild Behavior ::run [ RunTime:0.001342s ]
INFO: WriteHtmlCache Behavior ::run [ RunTime:0.001278s ]
INFO: ShowRuntime Behavior ::run [ RunTime:0.001502s ]
INFO: [ view_filter ] --END-- [ RunTime:0.005880s ]
INFO: [ view_end ] --START--
INFO: ShowPageTrace Behavior ::run [ RunTime:0.001686s ]
INFO: [ view_end ] --END-- [ RunTime:0.001784s ]

[ 2013-08-30T15:17:35+08:00 ] 127.0.0.1 /blog/Index/water
INFO: [ route_check ] --START--
INFO: CheckRoute Behavior ::run [ RunTime:0.119686s ]
INFO: [ route_check ] --END-- [ RunTime:0.119859s ]
INFO: [ app_begin ] --START--
INFO: ReadHtmlCache Behavior ::run [ RunTime:0.001684s ]
INFO: [ app_begin ] --END-- [ RunTime:0.001808s ]
ERR: 无法加载模块:water

[ 2013-08-30T15:17:42+08:00 ] 127.0.0.1 /blog/Index/index/water
INFO: [ route_check ] --START--
INFO: CheckRoute Behavior ::run [ RunTime:0.001762s ]
INFO: [ route_check ] --END-- [ RunTime:0.001910s ]
INFO: [ app_begin ] --START--
INFO: ReadHtmlCache Behavior ::run [ RunTime:0.001307s ]
INFO: [ app_begin ] --END-- [ RunTime:0.001435s ]
ERR: 无法加载模块:index

[ 2013-08-30T15:17:56+08:00 ] 127.0.0.1 /blog/Index/
INFO: [ route_check ] --START--
INFO: CheckRoute Behavior ::run [ RunTime:0.001243s ]
INFO: [ route_check ] --END-- [ RunTime:0.001402s ]
INFO: [ app_begin ] --START--
INFO: ReadHtmlCache Behavior ::run [ RunTime:0.000809s ]
INFO: [ app_begin ] --END-- [ RunTime:0.000918s ]
SQL: SHOW COLUMNS FROM `bl_cate` [ RunTime:0.007360s ]
SQL: SELECT * FROM `bl_cate` WHERE ( `pid` = 0 ) ORDER BY sort  [ RunTime:0.000553s ]
SQL: SELECT * FROM `bl_cate` ORDER BY sort  [ RunTime:0.000334s ]
SQL: SHOW COLUMNS FROM `bl_blog` [ RunTime:0.007957s ]
SQL: SELECT `id`,`title`,`time` FROM `bl_blog` WHERE ( `cid` IN ('8','9','3') ) AND ( `del` = 0 ) ORDER BY time DESC  [ RunTime:0.000612s ]
SQL: SELECT `id`,`title`,`time` FROM `bl_blog` WHERE ( `cid` IN ('13','15','14','5') ) AND ( `del` = 0 ) ORDER BY time DESC  [ RunTime:0.000357s ]
SQL: SELECT `id`,`title`,`time` FROM `bl_blog` WHERE ( `cid` IN ('1') ) AND ( `del` = 0 ) ORDER BY time DESC  [ RunTime:0.000308s ]
SQL: SELECT `id`,`title`,`time` FROM `bl_blog` WHERE ( `cid` IN ('7') ) AND ( `del` = 0 ) ORDER BY time DESC  [ RunTime:0.000362s ]
SQL: SELECT `id`,`title`,`time` FROM `bl_blog` WHERE ( `cid` IN ('2') ) AND ( `del` = 0 ) ORDER BY time DESC  [ RunTime:0.000352s ]
INFO: [ view_parse ] --START--
NOTIC: [2] Missing argument 2 for TagLib::parseXmlAttr(), called in F:\MyAMP\Blog\App\Modules\Index\TagLib\TagLibBl.class.php on line 13 and defined F:\MyAMP\Blog\ThinkPHP\Lib\Template\TagLib.class.php 第 80 行.
NOTIC: [8] Undefined variable: tag F:\MyAMP\Blog\ThinkPHP\Lib\Template\TagLib.class.php 第 91 行.
NOTIC: [8] Undefined index:   F:\MyAMP\Blog\ThinkPHP\Lib\Template\TagLib.class.php 第 91 行.
NOTIC: [8] Undefined variable: tag F:\MyAMP\Blog\ThinkPHP\Lib\Template\TagLib.class.php 第 92 行.
SQL: SHOW COLUMNS FROM `bl_mylinks` [ RunTime:0.007878s ]
SQL: SELECT `id`,`wname`,`wurl` FROM `bl_mylinks` ORDER BY time DESC  [ RunTime:0.000589s ]
SQL: SHOW COLUMNS FROM `bl_mydemo` [ RunTime:0.008095s ]
SQL: SELECT `id`,`demoname`,`demourl` FROM `bl_mydemo` ORDER BY time DESC  [ RunTime:0.000540s ]
NOTIC: [8] Use of undefined constant sort - assumed 'sort' F:\MyAMP\Blog\App\Runtime\Cache\Index\a2035b5f40cb4c634ca544f2d3fdbc07.php 第 55 行.
SQL: SELECT * FROM `bl_cate` ORDER BY sort  [ RunTime:0.000670s ]
NOTIC: [8] Use of undefined constant id - assumed 'id' F:\MyAMP\Blog\App\Runtime\Cache\Index\a2035b5f40cb4c634ca544f2d3fdbc07.php 第 76 行.
NOTIC: [8] Use of undefined constant id - assumed 'id' F:\MyAMP\Blog\App\Runtime\Cache\Index\a2035b5f40cb4c634ca544f2d3fdbc07.php 第 78 行.
NOTIC: [8] Use of undefined constant id - assumed 'id' F:\MyAMP\Blog\App\Runtime\Cache\Index\a2035b5f40cb4c634ca544f2d3fdbc07.php 第 78 行.
NOTIC: [8] Use of undefined constant id - assumed 'id' F:\MyAMP\Blog\App\Runtime\Cache\Index\a2035b5f40cb4c634ca544f2d3fdbc07.php 第 76 行.
NOTIC: [8] Use of undefined constant id - assumed 'id' F:\MyAMP\Blog\App\Runtime\Cache\Index\a2035b5f40cb4c634ca544f2d3fdbc07.php 第 78 行.
NOTIC: [8] Use of undefined constant id - assumed 'id' F:\MyAMP\Blog\App\Runtime\Cache\Index\a2035b5f40cb4c634ca544f2d3fdbc07.php 第 76 行.
NOTIC: [8] Use of undefined constant id - assumed 'id' F:\MyAMP\Blog\App\Runtime\Cache\Index\a2035b5f40cb4c634ca544f2d3fdbc07.php 第 76 行.
NOTIC: [8] Use of undefined constant id - assumed 'id' F:\MyAMP\Blog\App\Runtime\Cache\Index\a2035b5f40cb4c634ca544f2d3fdbc07.php 第 76 行.
NOTIC: [8] Use of undefined constant id - assumed 'id' F:\MyAMP\Blog\App\Runtime\Cache\Index\a2035b5f40cb4c634ca544f2d3fdbc07.php 第 78 行.
SQL: SELECT `id`,`title`,`click` FROM `bl_blog` WHERE ( `del` = 0 ) ORDER BY click DESC LIMIT 5   [ RunTime:0.000677s ]
SQL: SELECT `id`,`title`,`click` FROM `bl_blog` WHERE ( `del` = 0 ) ORDER BY time DESC LIMIT 5   [ RunTime:0.000631s ]
SQL: SHOW COLUMNS FROM `bl_links` [ RunTime:0.007847s ]
SQL: SELECT `id`,`wname`,`wurl` FROM `bl_links` ORDER BY time DESC  [ RunTime:0.000617s ]
INFO: ParseTemplate Behavior ::run [ RunTime:0.091756s ]
INFO: [ view_parse ] --END-- [ RunTime:0.091932s ]
INFO: [ view_filter ] --START--
INFO: ContentReplace Behavior ::run [ RunTime:0.001077s ]
INFO: TokenBuild Behavior ::run [ RunTime:0.000978s ]
INFO: WriteHtmlCache Behavior ::run [ RunTime:0.000766s ]
INFO: ShowRuntime Behavior ::run [ RunTime:0.001070s ]
INFO: [ view_filter ] --END-- [ RunTime:0.004170s ]
INFO: [ view_end ] --START--
INFO: ShowPageTrace Behavior ::run [ RunTime:0.001431s ]
INFO: [ view_end ] --END-- [ RunTime:0.001543s ]

[ 2013-08-30T15:18:13+08:00 ] 127.0.0.1 /blog/Index/water/index
INFO: [ route_check ] --START--
INFO: CheckRoute Behavior ::run [ RunTime:0.002174s ]
INFO: [ route_check ] --END-- [ RunTime:0.002334s ]
INFO: [ app_begin ] --START--
INFO: ReadHtmlCache Behavior ::run [ RunTime:0.001804s ]
INFO: [ app_begin ] --END-- [ RunTime:0.001921s ]
ERR: 无法加载模块:water

[ 2013-08-30T15:18:31+08:00 ] 127.0.0.1 /blog/Index/Water/index
INFO: [ route_check ] --START--
INFO: CheckRoute Behavior ::run [ RunTime:0.001721s ]
INFO: [ route_check ] --END-- [ RunTime:0.001909s ]
INFO: [ app_begin ] --START--
INFO: ReadHtmlCache Behavior ::run [ RunTime:0.001224s ]
INFO: [ app_begin ] --END-- [ RunTime:0.001340s ]
INFO: [ view_parse ] --START--
INFO: ParseTemplate Behavior ::run [ RunTime:0.198649s ]
INFO: [ view_parse ] --END-- [ RunTime:0.198838s ]
INFO: [ view_filter ] --START--
INFO: ContentReplace Behavior ::run [ RunTime:0.000524s ]
INFO: TokenBuild Behavior ::run [ RunTime:0.000823s ]
INFO: WriteHtmlCache Behavior ::run [ RunTime:0.000353s ]
INFO: ShowRuntime Behavior ::run [ RunTime:0.000620s ]
INFO: [ view_filter ] --END-- [ RunTime:0.002661s ]
INFO: [ view_end ] --START--
INFO: ShowPageTrace Behavior ::run [ RunTime:0.000856s ]
INFO: [ view_end ] --END-- [ RunTime:0.000957s ]

[ 2013-08-30T15:18:32+08:00 ] 127.0.0.1 /Blog/Index/Water/load
INFO: [ route_check ] --START--
INFO: CheckRoute Behavior ::run [ RunTime:0.001384s ]
INFO: [ route_check ] --END-- [ RunTime:0.001543s ]
INFO: [ app_begin ] --START--
INFO: ReadHtmlCache Behavior ::run [ RunTime:0.000775s ]
INFO: [ app_begin ] --END-- [ RunTime:0.000872s ]
SQL: SHOW COLUMNS FROM `bl_water_content` [ RunTime:0.007513s ]
SQL: SELECT `image`,`title` FROM `bl_water_content`  [ RunTime:0.000440s ]

